# JRE version: OpenJDK Runtime Environment Temurin-17.0.4.1+1 (17.0.4.1+1) (build 17.0.4.1+1)
# Java VM: OpenJDK 64-Bit Server VM Temurin-17.0.4.1+1 (17.0.4.1+1, mixed mode, tiered, compressed oops, compressed class ptrs, parallel gc, windows-amd64)
GC Precious Log:
 CPUs: 8 total, 8 available
 Memory: 20160M
 Large Page Support: Disabled
 NUMA Support: Disabled
 Compressed Oops: Enabled (32-bit)
 Alignments: Space 512K, Generation 512K, Heap 2M
 Heap Min Capacity: 100M
 Heap Initial Capacity: 100M
 Heap Max Capacity: 1G
 Pre-touch: Disabled
 Parallel Workers: 8
Heap:
 PSYoungGen      total 22528K, used 6999K [0x00000000eab00000, 0x00000000ec600000, 0x0000000100000000)
  eden space 22016K, 29% used [0x00000000eab00000,0x00000000eb155e50,0x00000000ec080000)
  from space 512K, 100% used [0x00000000ec580000,0x00000000ec600000,0x00000000ec600000)
  to   space 2560K, 0% used [0x00000000ec100000,0x00000000ec100000,0x00000000ec380000)
 ParOldGen       total 68608K, used 52399K [0x00000000c0000000, 0x00000000c4300000, 0x00000000eab00000)
  object space 68608K, 76% used [0x00000000c0000000,0x00000000c332bce0,0x00000000c4300000)
 Metaspace       used 56887K, committed 57728K, reserved 1105920K
  class space    used 6536K, committed 6912K, reserved 1048576K
GC Heap History (20 events):
Event: 15.109 GC heap before
{Heap before GC invocations=21 (full 2):
 PSYoungGen      total 22528K, used 22432K [0x00000000eab00000, 0x00000000ec680000, 0x0000000100000000)
  eden space 22016K, 100% used [0x00000000eab00000,0x00000000ec080000,0x00000000ec080000)
  from space 512K, 81% used [0x00000000ec600000,0x00000000ec668000,0x00000000ec680000)
  to   space 512K, 0% used [0x00000000ec580000,0x00000000ec580000,0x00000000ec600000)
 ParOldGen       total 68608K, used 33967K [0x00000000c0000000, 0x00000000c4300000, 0x00000000eab00000)
  object space 68608K, 49% used [0x00000000c0000000,0x00000000c212bc00,0x00000000c4300000)
 Metaspace       used 46215K, committed 47040K, reserved 1097728K
  class space    used 4989K, committed 5376K, reserved 1048576K
}
Event: 15.110 GC heap after
{Heap after GC invocations=21 (full 2):
 PSYoungGen      total 22528K, used 512K [0x00000000eab00000, 0x00000000ec680000, 0x0000000100000000)
  eden space 22016K, 0% used [0x00000000eab00000,0x00000000eab00000,0x00000000ec080000)
  from space 512K, 100% used [0x00000000ec580000,0x00000000ec600000,0x00000000ec600000)
  to   space 512K, 0% used [0x00000000ec600000,0x00000000ec600000,0x00000000ec680000)
 ParOldGen       total 68608K, used 35007K [0x00000000c0000000, 0x00000000c4300000, 0x00000000eab00000)
  object space 68608K, 51% used [0x00000000c0000000,0x00000000c222fc00,0x00000000c4300000)
 Metaspace       used 46215K, committed 47040K, reserved 1097728K
  class space    used 4989K, committed 5376K, reserved 1048576K
}
Event: 15.685 GC heap before
{Heap before GC invocations=22 (full 2):
 PSYoungGen      total 22528K, used 22508K [0x00000000eab00000, 0x00000000ec680000, 0x0000000100000000)
  eden space 22016K, 99% used [0x00000000eab00000,0x00000000ec07b070,0x00000000ec080000)
  from space 512K, 100% used [0x00000000ec580000,0x00000000ec600000,0x00000000ec600000)
  to   space 512K, 0% used [0x00000000ec600000,0x00000000ec600000,0x00000000ec680000)
 ParOldGen       total 68608K, used 35007K [0x00000000c0000000, 0x00000000c4300000, 0x00000000eab00000)
  object space 68608K, 51% used [0x00000000c0000000,0x00000000c222fc00,0x00000000c4300000)
 Metaspace       used 47581K, committed 48448K, reserved 1097728K
  class space    used 5205K, committed 5632K, reserved 1048576K
}
Event: 15.687 GC heap after
{Heap after GC invocations=22 (full 2):
 PSYoungGen      total 22528K, used 496K [0x00000000eab00000, 0x00000000ec680000, 0x0000000100000000)
  eden space 22016K, 0% used [0x00000000eab00000,0x00000000eab00000,0x00000000ec080000)
  from space 512K, 96% used [0x00000000ec600000,0x00000000ec67c0b8,0x00000000ec680000)
  to   space 3072K, 0% used [0x00000000ec080000,0x00000000ec080000,0x00000000ec380000)
 ParOldGen       total 68608K, used 37136K [0x00000000c0000000, 0x00000000c4300000, 0x00000000eab00000)
  object space 68608K, 54% used [0x00000000c0000000,0x00000000c2444318,0x00000000c4300000)
 Metaspace       used 47581K, committed 48448K, reserved 1097728K
  class space    used 5205K, committed 5632K, reserved 1048576K
}
Event: 16.190 GC heap before
{Heap before GC invocations=23 (full 2):
 PSYoungGen      total 22528K, used 22512K [0x00000000eab00000, 0x00000000ec680000, 0x0000000100000000)
  eden space 22016K, 100% used [0x00000000eab00000,0x00000000ec080000,0x00000000ec080000)
  from space 512K, 96% used [0x00000000ec600000,0x00000000ec67c0b8,0x00000000ec680000)
  to   space 3072K, 0% used [0x00000000ec080000,0x00000000ec080000,0x00000000ec380000)
 ParOldGen       total 68608K, used 37136K [0x00000000c0000000, 0x00000000c4300000, 0x00000000eab00000)
  object space 68608K, 54% used [0x00000000c0000000,0x00000000c2444318,0x00000000c4300000)
 Metaspace       used 49018K, committed 49856K, reserved 1097728K
  class space    used 5468K, committed 5888K, reserved 1048576K
}
Event: 16.192 GC heap after
{Heap after GC invocations=23 (full 2):
 PSYoungGen      total 25088K, used 3045K [0x00000000eab00000, 0x00000000ec780000, 0x0000000100000000)
  eden space 22016K, 0% used [0x00000000eab00000,0x00000000eab00000,0x00000000ec080000)
  from space 3072K, 99% used [0x00000000ec080000,0x00000000ec379450,0x00000000ec380000)
  to   space 3584K, 0% used [0x00000000ec400000,0x00000000ec400000,0x00000000ec780000)
 ParOldGen       total 68608K, used 41308K [0x00000000c0000000, 0x00000000c4300000, 0x00000000eab00000)
  object space 68608K, 60% used [0x00000000c0000000,0x00000000c2857388,0x00000000c4300000)
 Metaspace       used 49018K, committed 49856K, reserved 1097728K
  class space    used 5468K, committed 5888K, reserved 1048576K
}
Event: 16.719 GC heap before
{Heap before GC invocations=24 (full 2):
 PSYoungGen      total 25088K, used 25061K [0x00000000eab00000, 0x00000000ec780000, 0x0000000100000000)
  eden space 22016K, 100% used [0x00000000eab00000,0x00000000ec080000,0x00000000ec080000)
  from space 3072K, 99% used [0x00000000ec080000,0x00000000ec379450,0x00000000ec380000)
  to   space 3584K, 0% used [0x00000000ec400000,0x00000000ec400000,0x00000000ec780000)
 ParOldGen       total 68608K, used 41308K [0x00000000c0000000, 0x00000000c4300000, 0x00000000eab00000)
  object space 68608K, 60% used [0x00000000c0000000,0x00000000c2857388,0x00000000c4300000)
 Metaspace       used 49583K, committed 50432K, reserved 1097728K
  class space    used 5539K, committed 5952K, reserved 1048576K
}
Event: 16.720 GC heap after
{Heap after GC invocations=24 (full 2):
 PSYoungGen      total 23040K, used 672K [0x00000000eab00000, 0x00000000ec500000, 0x0000000100000000)
  eden space 22016K, 0% used [0x00000000eab00000,0x00000000eab00000,0x00000000ec080000)
  from space 1024K, 65% used [0x00000000ec400000,0x00000000ec4a8000,0x00000000ec500000)
  to   space 2048K, 0% used [0x00000000ec100000,0x00000000ec100000,0x00000000ec300000)
 ParOldGen       total 68608K, used 44202K [0x00000000c0000000, 0x00000000c4300000, 0x00000000eab00000)
  object space 68608K, 64% used [0x00000000c0000000,0x00000000c2b2a8a8,0x00000000c4300000)
 Metaspace       used 49583K, committed 50432K, reserved 1097728K
  class space    used 5539K, committed 5952K, reserved 1048576K
}
Event: 17.097 GC heap before
{Heap before GC invocations=25 (full 2):
 PSYoungGen      total 23040K, used 22688K [0x00000000eab00000, 0x00000000ec500000, 0x0000000100000000)
  eden space 22016K, 100% used [0x00000000eab00000,0x00000000ec080000,0x00000000ec080000)
  from space 1024K, 65% used [0x00000000ec400000,0x00000000ec4a8000,0x00000000ec500000)
  to   space 2048K, 0% used [0x00000000ec100000,0x00000000ec100000,0x00000000ec300000)
 ParOldGen       total 68608K, used 44202K [0x00000000c0000000, 0x00000000c4300000, 0x00000000eab00000)
  object space 68608K, 64% used [0x00000000c0000000,0x00000000c2b2a8a8,0x00000000c4300000)
 Metaspace       used 49915K, committed 50752K, reserved 1097728K
  class space    used 5615K, committed 6016K, reserved 1048576K
}
Event: 17.099 GC heap after
{Heap after GC invocations=25 (full 2):
 PSYoungGen      total 24064K, used 2043K [0x00000000eab00000, 0x00000000ecb80000, 0x0000000100000000)
  eden space 22016K, 0% used [0x00000000eab00000,0x00000000eab00000,0x00000000ec080000)
  from space 2048K, 99% used [0x00000000ec100000,0x00000000ec2fee68,0x00000000ec300000)
  to   space 5632K, 0% used [0x00000000ec600000,0x00000000ec600000,0x00000000ecb80000)
 ParOldGen       total 68608K, used 46802K [0x00000000c0000000, 0x00000000c4300000, 0x00000000eab00000)
  object space 68608K, 68% used [0x00000000c0000000,0x00000000c2db4af0,0x00000000c4300000)
 Metaspace       used 49915K, committed 50752K, reserved 1097728K
  class space    used 5615K, committed 6016K, reserved 1048576K
}
Event: 17.390 GC heap before
{Heap before GC invocations=26 (full 2):
 PSYoungGen      total 24064K, used 24059K [0x00000000eab00000, 0x00000000ecb80000, 0x0000000100000000)
  eden space 22016K, 100% used [0x00000000eab00000,0x00000000ec080000,0x00000000ec080000)
  from space 2048K, 99% used [0x00000000ec100000,0x00000000ec2fee68,0x00000000ec300000)
  to   space 5632K, 0% used [0x00000000ec600000,0x00000000ec600000,0x00000000ecb80000)
 ParOldGen       total 68608K, used 46802K [0x00000000c0000000, 0x00000000c4300000, 0x00000000eab00000)
  object space 68608K, 68% used [0x00000000c0000000,0x00000000c2db4af0,0x00000000c4300000)
 Metaspace       used 52315K, committed 53184K, reserved 1097728K
  class space    used 6018K, committed 6400K, reserved 1048576K
}
Event: 17.392 GC heap after
{Heap after GC invocations=26 (full 2):
 PSYoungGen      total 23040K, used 841K [0x00000000eab00000, 0x00000000ec700000, 0x0000000100000000)
  eden space 22016K, 0% used [0x00000000eab00000,0x00000000eab00000,0x00000000ec080000)
  from space 1024K, 82% used [0x00000000ec600000,0x00000000ec6d2500,0x00000000ec700000)
  to   space 2560K, 0% used [0x00000000ec200000,0x00000000ec200000,0x00000000ec480000)
 ParOldGen       total 68608K, used 48852K [0x00000000c0000000, 0x00000000c4300000, 0x00000000eab00000)
  object space 68608K, 71% used [0x00000000c0000000,0x00000000c2fb5190,0x00000000c4300000)
 Metaspace       used 52315K, committed 53184K, reserved 1097728K
  class space    used 6018K, committed 6400K, reserved 1048576K
}
Event: 19.947 GC heap before
{Heap before GC invocations=27 (full 2):
 PSYoungGen      total 23040K, used 22857K [0x00000000eab00000, 0x00000000ec700000, 0x0000000100000000)
  eden space 22016K, 100% used [0x00000000eab00000,0x00000000ec080000,0x00000000ec080000)
  from space 1024K, 82% used [0x00000000ec600000,0x00000000ec6d2500,0x00000000ec700000)
  to   space 2560K, 0% used [0x00000000ec200000,0x00000000ec200000,0x00000000ec480000)
 ParOldGen       total 68608K, used 48852K [0x00000000c0000000, 0x00000000c4300000, 0x00000000eab00000)
  object space 68608K, 71% used [0x00000000c0000000,0x00000000c2fb5190,0x00000000c4300000)
 Metaspace       used 53910K, committed 54784K, reserved 1097728K
  class space    used 6247K, committed 6656K, reserved 1048576K
}
Event: 19.949 GC heap after
{Heap after GC invocations=27 (full 2):
 PSYoungGen      total 24576K, used 448K [0x00000000eab00000, 0x00000000ec680000, 0x0000000100000000)
  eden space 22016K, 0% used [0x00000000eab00000,0x00000000eab00000,0x00000000ec080000)
  from space 2560K, 17% used [0x00000000ec200000,0x00000000ec270000,0x00000000ec480000)
  to   space 1024K, 0% used [0x00000000ec580000,0x00000000ec580000,0x00000000ec680000)
 ParOldGen       total 68608K, used 49500K [0x00000000c0000000, 0x00000000c4300000, 0x00000000eab00000)
  object space 68608K, 72% used [0x00000000c0000000,0x00000000c30571e0,0x00000000c4300000)
 Metaspace       used 53910K, committed 54784K, reserved 1097728K
  class space    used 6247K, committed 6656K, reserved 1048576K
}
Event: 20.580 GC heap before
{Heap before GC invocations=28 (full 2):
 PSYoungGen      total 24576K, used 22464K [0x00000000eab00000, 0x00000000ec680000, 0x0000000100000000)
  eden space 22016K, 100% used [0x00000000eab00000,0x00000000ec080000,0x00000000ec080000)
  from space 2560K, 17% used [0x00000000ec200000,0x00000000ec270000,0x00000000ec480000)
  to   space 1024K, 0% used [0x00000000ec580000,0x00000000ec580000,0x00000000ec680000)
 ParOldGen       total 68608K, used 49500K [0x00000000c0000000, 0x00000000c4300000, 0x00000000eab00000)
  object space 68608K, 72% used [0x00000000c0000000,0x00000000c30571e0,0x00000000c4300000)
 Metaspace       used 54140K, committed 55040K, reserved 1097728K
  class space    used 6267K, committed 6656K, reserved 1048576K
}
Event: 20.581 GC heap after
{Heap after GC invocations=28 (full 2):
 PSYoungGen      total 23040K, used 544K [0x00000000eab00000, 0x00000000ec680000, 0x0000000100000000)
  eden space 22016K, 0% used [0x00000000eab00000,0x00000000eab00000,0x00000000ec080000)
  from space 1024K, 53% used [0x00000000ec580000,0x00000000ec608000,0x00000000ec680000)
  to   space 1024K, 0% used [0x00000000ec480000,0x00000000ec480000,0x00000000ec580000)
 ParOldGen       total 68608K, used 49843K [0x00000000c0000000, 0x00000000c4300000, 0x00000000eab00000)
  object space 68608K, 72% used [0x00000000c0000000,0x00000000c30ace10,0x00000000c4300000)
 Metaspace       used 54140K, committed 55040K, reserved 1097728K
  class space    used 6267K, committed 6656K, reserved 1048576K
}
Event: 21.107 GC heap before
{Heap before GC invocations=29 (full 2):
 PSYoungGen      total 23040K, used 22560K [0x00000000eab00000, 0x00000000ec680000, 0x0000000100000000)
  eden space 22016K, 100% used [0x00000000eab00000,0x00000000ec080000,0x00000000ec080000)
  from space 1024K, 53% used [0x00000000ec580000,0x00000000ec608000,0x00000000ec680000)
  to   space 1024K, 0% used [0x00000000ec480000,0x00000000ec480000,0x00000000ec580000)
 ParOldGen       total 68608K, used 49843K [0x00000000c0000000, 0x00000000c4300000, 0x00000000eab00000)
  object space 68608K, 72% used [0x00000000c0000000,0x00000000c30ace10,0x00000000c4300000)
 Metaspace       used 56443K, committed 57280K, reserved 1105920K
  class space    used 6497K, committed 6912K, reserved 1048576K
}
Event: 21.109 GC heap after
{Heap after GC invocations=29 (full 2):
 PSYoungGen      total 23040K, used 998K [0x00000000eab00000, 0x00000000ec600000, 0x0000000100000000)
  eden space 22016K, 0% used [0x00000000eab00000,0x00000000eab00000,0x00000000ec080000)
  from space 1024K, 97% used [0x00000000ec480000,0x00000000ec579ab0,0x00000000ec580000)
  to   space 512K, 0% used [0x00000000ec580000,0x00000000ec580000,0x00000000ec600000)
 ParOldGen       total 68608K, used 50796K [0x00000000c0000000, 0x00000000c4300000, 0x00000000eab00000)
  object space 68608K, 74% used [0x00000000c0000000,0x00000000c319b248,0x00000000c4300000)
 Metaspace       used 56443K, committed 57280K, reserved 1105920K
  class space    used 6497K, committed 6912K, reserved 1048576K
}
Event: 36.716 GC heap before
{Heap before GC invocations=30 (full 2):
 PSYoungGen      total 23040K, used 23014K [0x00000000eab00000, 0x00000000ec600000, 0x0000000100000000)
  eden space 22016K, 100% used [0x00000000eab00000,0x00000000ec080000,0x00000000ec080000)
  from space 1024K, 97% used [0x00000000ec480000,0x00000000ec579ab0,0x00000000ec580000)
  to   space 512K, 0% used [0x00000000ec580000,0x00000000ec580000,0x00000000ec600000)
 ParOldGen       total 68608K, used 50796K [0x00000000c0000000, 0x00000000c4300000, 0x00000000eab00000)
  object space 68608K, 74% used [0x00000000c0000000,0x00000000c319b248,0x00000000c4300000)
 Metaspace       used 56601K, committed 57472K, reserved 1105920K
  class space    used 6505K, committed 6912K, reserved 1048576K
}
Event: 36.717 GC heap after
{Heap after GC invocations=30 (full 2):
 PSYoungGen      total 22528K, used 512K [0x00000000eab00000, 0x00000000ec600000, 0x0000000100000000)
  eden space 22016K, 0% used [0x00000000eab00000,0x00000000eab00000,0x00000000ec080000)
  from space 512K, 100% used [0x00000000ec580000,0x00000000ec600000,0x00000000ec600000)
  to   space 2560K, 0% used [0x00000000ec100000,0x00000000ec100000,0x00000000ec380000)
 ParOldGen       total 68608K, used 52399K [0x00000000c0000000, 0x00000000c4300000, 0x00000000eab00000)
  object space 68608K, 76% used [0x00000000c0000000,0x00000000c332bce0,0x00000000c4300000)
 Metaspace       used 56601K, committed 57472K, reserved 1105920K
  class space    used 6505K, committed 6912K, reserved 1048576K
}

