# JRE version: OpenJDK Runtime Environment Temurin-17.0.4.1+1 (17.0.4.1+1) (build 17.0.4.1+1)
# Java VM: OpenJDK 64-Bit Server VM Temurin-17.0.4.1+1 (17.0.4.1+1, mixed mode, tiered, compressed oops, compressed class ptrs, parallel gc, windows-amd64)
GC Precious Log:
 CPUs: 8 total, 8 available
 Memory: 20160M
 Large Page Support: Disabled
 NUMA Support: Disabled
 Compressed Oops: Enabled (32-bit)
 Alignments: Space 512K, Generation 512K, Heap 2M
 Heap Min Capacity: 100M
 Heap Initial Capacity: 100M
 Heap Max Capacity: 1G
 Pre-touch: Disabled
 Parallel Workers: 8
Heap:
 PSYoungGen      total 17920K, used 854K [0x00000000eab00000, 0x00000000ebf00000, 0x0000000100000000)
  eden space 16896K, 1% used [0x00000000eab00000,0x00000000eab31ff8,0x00000000ebb80000)
  from space 1024K, 63% used [0x00000000ebe00000,0x00000000ebea3970,0x00000000ebf00000)
  to   space 1536K, 0% used [0x00000000ebc00000,0x00000000ebc00000,0x00000000ebd80000)
 ParOldGen       total 68608K, used 55540K [0x00000000c0000000, 0x00000000c4300000, 0x00000000eab00000)
  object space 68608K, 80% used [0x00000000c0000000,0x00000000c363d210,0x00000000c4300000)
 Metaspace       used 62610K, committed 63552K, reserved 1105920K
  class space    used 7156K, committed 7552K, reserved 1048576K
GC Heap History (20 events):
Event: 37.059 GC heap before
{Heap before GC invocations=36 (full 2):
 PSYoungGen      total 18432K, used 18224K [0x00000000eab00000, 0x00000000ebe80000, 0x0000000100000000)
  eden space 16896K, 100% used [0x00000000eab00000,0x00000000ebb80000,0x00000000ebb80000)
  from space 1536K, 86% used [0x00000000ebb80000,0x00000000ebccc150,0x00000000ebd00000)
  to   space 1536K, 0% used [0x00000000ebd00000,0x00000000ebd00000,0x00000000ebe80000)
 ParOldGen       total 68608K, used 55614K [0x00000000c0000000, 0x00000000c4300000, 0x00000000eab00000)
  object space 68608K, 81% used [0x00000000c0000000,0x00000000c364f900,0x00000000c4300000)
 Metaspace       used 58747K, committed 59648K, reserved 1105920K
  class space    used 6786K, committed 7232K, reserved 1048576K
}
Event: 37.060 GC heap after
{Heap after GC invocations=36 (full 2):
 PSYoungGen      total 18432K, used 1440K [0x00000000eab00000, 0x00000000ebe80000, 0x0000000100000000)
  eden space 16896K, 0% used [0x00000000eab00000,0x00000000eab00000,0x00000000ebb80000)
  from space 1536K, 93% used [0x00000000ebd00000,0x00000000ebe68160,0x00000000ebe80000)
  to   space 1536K, 0% used [0x00000000ebb80000,0x00000000ebb80000,0x00000000ebd00000)
 ParOldGen       total 68608K, used 56062K [0x00000000c0000000, 0x00000000c4300000, 0x00000000eab00000)
  object space 68608K, 81% used [0x00000000c0000000,0x00000000c36bfb00,0x00000000c4300000)
 Metaspace       used 58747K, committed 59648K, reserved 1105920K
  class space    used 6786K, committed 7232K, reserved 1048576K
}
Event: 39.928 GC heap before
{Heap before GC invocations=37 (full 2):
 PSYoungGen      total 18432K, used 18336K [0x00000000eab00000, 0x00000000ebe80000, 0x0000000100000000)
  eden space 16896K, 100% used [0x00000000eab00000,0x00000000ebb80000,0x00000000ebb80000)
  from space 1536K, 93% used [0x00000000ebd00000,0x00000000ebe68160,0x00000000ebe80000)
  to   space 1536K, 0% used [0x00000000ebb80000,0x00000000ebb80000,0x00000000ebd00000)
 ParOldGen       total 68608K, used 56062K [0x00000000c0000000, 0x00000000c4300000, 0x00000000eab00000)
  object space 68608K, 81% used [0x00000000c0000000,0x00000000c36bfb00,0x00000000c4300000)
 Metaspace       used 58841K, committed 59776K, reserved 1105920K
  class space    used 6786K, committed 7232K, reserved 1048576K
}
Event: 39.929 GC heap after
{Heap after GC invocations=37 (full 2):
 PSYoungGen      total 18432K, used 1472K [0x00000000eab00000, 0x00000000ebe80000, 0x0000000100000000)
  eden space 16896K, 0% used [0x00000000eab00000,0x00000000eab00000,0x00000000ebb80000)
  from space 1536K, 95% used [0x00000000ebb80000,0x00000000ebcf0140,0x00000000ebd00000)
  to   space 1536K, 0% used [0x00000000ebd00000,0x00000000ebd00000,0x00000000ebe80000)
 ParOldGen       total 68608K, used 56399K [0x00000000c0000000, 0x00000000c4300000, 0x00000000eab00000)
  object space 68608K, 82% used [0x00000000c0000000,0x00000000c3713cc0,0x00000000c4300000)
 Metaspace       used 58841K, committed 59776K, reserved 1105920K
  class space    used 6786K, committed 7232K, reserved 1048576K
}
Event: 41.452 GC heap before
{Heap before GC invocations=38 (full 2):
 PSYoungGen      total 18432K, used 10673K [0x00000000eab00000, 0x00000000ebe80000, 0x0000000100000000)
  eden space 16896K, 54% used [0x00000000eab00000,0x00000000eb3fc6a0,0x00000000ebb80000)
  from space 1536K, 95% used [0x00000000ebb80000,0x00000000ebcf0140,0x00000000ebd00000)
  to   space 1536K, 0% used [0x00000000ebd00000,0x00000000ebd00000,0x00000000ebe80000)
 ParOldGen       total 68608K, used 56399K [0x00000000c0000000, 0x00000000c4300000, 0x00000000eab00000)
  object space 68608K, 82% used [0x00000000c0000000,0x00000000c3713cc0,0x00000000c4300000)
 Metaspace       used 58901K, committed 59776K, reserved 1105920K
  class space    used 6786K, committed 7232K, reserved 1048576K
}
Event: 41.453 GC heap after
{Heap after GC invocations=38 (full 2):
 PSYoungGen      total 18432K, used 864K [0x00000000eab00000, 0x00000000ebe80000, 0x0000000100000000)
  eden space 16896K, 0% used [0x00000000eab00000,0x00000000eab00000,0x00000000ebb80000)
  from space 1536K, 56% used [0x00000000ebd00000,0x00000000ebdd80c0,0x00000000ebe80000)
  to   space 1536K, 0% used [0x00000000ebb80000,0x00000000ebb80000,0x00000000ebd00000)
 ParOldGen       total 68608K, used 56659K [0x00000000c0000000, 0x00000000c4300000, 0x00000000eab00000)
  object space 68608K, 82% used [0x00000000c0000000,0x00000000c3754dd0,0x00000000c4300000)
 Metaspace       used 58901K, committed 59776K, reserved 1105920K
  class space    used 6786K, committed 7232K, reserved 1048576K
}
Event: 41.453 GC heap before
{Heap before GC invocations=39 (full 3):
 PSYoungGen      total 18432K, used 864K [0x00000000eab00000, 0x00000000ebe80000, 0x0000000100000000)
  eden space 16896K, 0% used [0x00000000eab00000,0x00000000eab00000,0x00000000ebb80000)
  from space 1536K, 56% used [0x00000000ebd00000,0x00000000ebdd80c0,0x00000000ebe80000)
  to   space 1536K, 0% used [0x00000000ebb80000,0x00000000ebb80000,0x00000000ebd00000)
 ParOldGen       total 68608K, used 56659K [0x00000000c0000000, 0x00000000c4300000, 0x00000000eab00000)
  object space 68608K, 82% used [0x00000000c0000000,0x00000000c3754dd0,0x00000000c4300000)
 Metaspace       used 58901K, committed 59776K, reserved 1105920K
  class space    used 6786K, committed 7232K, reserved 1048576K
}
Event: 41.529 GC heap after
{Heap after GC invocations=39 (full 3):
 PSYoungGen      total 18432K, used 0K [0x00000000eab00000, 0x00000000ebe80000, 0x0000000100000000)
  eden space 16896K, 0% used [0x00000000eab00000,0x00000000eab00000,0x00000000ebb80000)
  from space 1536K, 0% used [0x00000000ebd00000,0x00000000ebd00000,0x00000000ebe80000)
  to   space 1536K, 0% used [0x00000000ebb80000,0x00000000ebb80000,0x00000000ebd00000)
 ParOldGen       total 68608K, used 52852K [0x00000000c0000000, 0x00000000c4300000, 0x00000000eab00000)
  object space 68608K, 77% used [0x00000000c0000000,0x00000000c339d1e8,0x00000000c4300000)
 Metaspace       used 58901K, committed 59776K, reserved 1105920K
  class space    used 6786K, committed 7232K, reserved 1048576K
}
Event: 44.150 GC heap before
{Heap before GC invocations=40 (full 3):
 PSYoungGen      total 18432K, used 16890K [0x00000000eab00000, 0x00000000ebe80000, 0x0000000100000000)
  eden space 16896K, 99% used [0x00000000eab00000,0x00000000ebb7e890,0x00000000ebb80000)
  from space 1536K, 0% used [0x00000000ebd00000,0x00000000ebd00000,0x00000000ebe80000)
  to   space 1536K, 0% used [0x00000000ebb80000,0x00000000ebb80000,0x00000000ebd00000)
 ParOldGen       total 68608K, used 52852K [0x00000000c0000000, 0x00000000c4300000, 0x00000000eab00000)
  object space 68608K, 77% used [0x00000000c0000000,0x00000000c339d1e8,0x00000000c4300000)
 Metaspace       used 58979K, committed 59904K, reserved 1105920K
  class space    used 6786K, committed 7232K, reserved 1048576K
}
Event: 44.151 GC heap after
{Heap after GC invocations=40 (full 3):
 PSYoungGen      total 18432K, used 1472K [0x00000000eab00000, 0x00000000ebf80000, 0x0000000100000000)
  eden space 16896K, 0% used [0x00000000eab00000,0x00000000eab00000,0x00000000ebb80000)
  from space 1536K, 95% used [0x00000000ebb80000,0x00000000ebcf0120,0x00000000ebd00000)
  to   space 2048K, 0% used [0x00000000ebd80000,0x00000000ebd80000,0x00000000ebf80000)
 ParOldGen       total 68608K, used 52860K [0x00000000c0000000, 0x00000000c4300000, 0x00000000eab00000)
  object space 68608K, 77% used [0x00000000c0000000,0x00000000c339f1e8,0x00000000c4300000)
 Metaspace       used 58979K, committed 59904K, reserved 1105920K
  class space    used 6786K, committed 7232K, reserved 1048576K
}
Event: 47.252 GC heap before
{Heap before GC invocations=41 (full 3):
 PSYoungGen      total 18432K, used 18368K [0x00000000eab00000, 0x00000000ebf80000, 0x0000000100000000)
  eden space 16896K, 100% used [0x00000000eab00000,0x00000000ebb80000,0x00000000ebb80000)
  from space 1536K, 95% used [0x00000000ebb80000,0x00000000ebcf0120,0x00000000ebd00000)
  to   space 2048K, 0% used [0x00000000ebd80000,0x00000000ebd80000,0x00000000ebf80000)
 ParOldGen       total 68608K, used 52860K [0x00000000c0000000, 0x00000000c4300000, 0x00000000eab00000)
  object space 68608K, 77% used [0x00000000c0000000,0x00000000c339f1e8,0x00000000c4300000)
 Metaspace       used 59047K, committed 59968K, reserved 1105920K
  class space    used 6786K, committed 7232K, reserved 1048576K
}
Event: 47.253 GC heap after
{Heap after GC invocations=41 (full 3):
 PSYoungGen      total 18432K, used 1376K [0x00000000eab00000, 0x00000000ebf00000, 0x0000000100000000)
  eden space 16896K, 0% used [0x00000000eab00000,0x00000000eab00000,0x00000000ebb80000)
  from space 1536K, 89% used [0x00000000ebd80000,0x00000000ebed8100,0x00000000ebf00000)
  to   space 1536K, 0% used [0x00000000ebb80000,0x00000000ebb80000,0x00000000ebd00000)
 ParOldGen       total 68608K, used 53244K [0x00000000c0000000, 0x00000000c4300000, 0x00000000eab00000)
  object space 68608K, 77% used [0x00000000c0000000,0x00000000c33ff3b8,0x00000000c4300000)
 Metaspace       used 59047K, committed 59968K, reserved 1105920K
  class space    used 6786K, committed 7232K, reserved 1048576K
}
Event: 50.011 GC heap before
{Heap before GC invocations=42 (full 3):
 PSYoungGen      total 18432K, used 18272K [0x00000000eab00000, 0x00000000ebf00000, 0x0000000100000000)
  eden space 16896K, 100% used [0x00000000eab00000,0x00000000ebb80000,0x00000000ebb80000)
  from space 1536K, 89% used [0x00000000ebd80000,0x00000000ebed8100,0x00000000ebf00000)
  to   space 1536K, 0% used [0x00000000ebb80000,0x00000000ebb80000,0x00000000ebd00000)
 ParOldGen       total 68608K, used 53244K [0x00000000c0000000, 0x00000000c4300000, 0x00000000eab00000)
  object space 68608K, 77% used [0x00000000c0000000,0x00000000c33ff3b8,0x00000000c4300000)
 Metaspace       used 59155K, committed 60032K, reserved 1105920K
  class space    used 6796K, committed 7232K, reserved 1048576K
}
Event: 50.012 GC heap after
{Heap after GC invocations=42 (full 3):
 PSYoungGen      total 18432K, used 496K [0x00000000eab00000, 0x00000000ebe00000, 0x0000000100000000)
  eden space 16896K, 0% used [0x00000000eab00000,0x00000000eab00000,0x00000000ebb80000)
  from space 1536K, 32% used [0x00000000ebb80000,0x00000000ebbfc070,0x00000000ebd00000)
  to   space 1024K, 0% used [0x00000000ebd00000,0x00000000ebd00000,0x00000000ebe00000)
 ParOldGen       total 68608K, used 53429K [0x00000000c0000000, 0x00000000c4300000, 0x00000000eab00000)
  object space 68608K, 77% used [0x00000000c0000000,0x00000000c342d468,0x00000000c4300000)
 Metaspace       used 59155K, committed 60032K, reserved 1105920K
  class space    used 6796K, committed 7232K, reserved 1048576K
}
Event: 50.400 GC heap before
{Heap before GC invocations=43 (full 3):
 PSYoungGen      total 18432K, used 17392K [0x00000000eab00000, 0x00000000ebe00000, 0x0000000100000000)
  eden space 16896K, 100% used [0x00000000eab00000,0x00000000ebb80000,0x00000000ebb80000)
  from space 1536K, 32% used [0x00000000ebb80000,0x00000000ebbfc070,0x00000000ebd00000)
  to   space 1024K, 0% used [0x00000000ebd00000,0x00000000ebd00000,0x00000000ebe00000)
 ParOldGen       total 68608K, used 53429K [0x00000000c0000000, 0x00000000c4300000, 0x00000000eab00000)
  object space 68608K, 77% used [0x00000000c0000000,0x00000000c342d468,0x00000000c4300000)
 Metaspace       used 59158K, committed 60032K, reserved 1105920K
  class space    used 6796K, committed 7232K, reserved 1048576K
}
Event: 50.401 GC heap after
{Heap after GC invocations=43 (full 3):
 PSYoungGen      total 17408K, used 224K [0x00000000eab00000, 0x00000000ebd80000, 0x0000000100000000)
  eden space 16896K, 0% used [0x00000000eab00000,0x00000000eab00000,0x00000000ebb80000)
  from space 512K, 43% used [0x00000000ebd00000,0x00000000ebd38000,0x00000000ebd80000)
  to   space 512K, 0% used [0x00000000ebc80000,0x00000000ebc80000,0x00000000ebd00000)
 ParOldGen       total 68608K, used 53540K [0x00000000c0000000, 0x00000000c4300000, 0x00000000eab00000)
  object space 68608K, 78% used [0x00000000c0000000,0x00000000c34493c8,0x00000000c4300000)
 Metaspace       used 59158K, committed 60032K, reserved 1105920K
  class space    used 6796K, committed 7232K, reserved 1048576K
}
Event: 50.861 GC heap before
{Heap before GC invocations=44 (full 3):
 PSYoungGen      total 17408K, used 17120K [0x00000000eab00000, 0x00000000ebd80000, 0x0000000100000000)
  eden space 16896K, 100% used [0x00000000eab00000,0x00000000ebb80000,0x00000000ebb80000)
  from space 512K, 43% used [0x00000000ebd00000,0x00000000ebd38000,0x00000000ebd80000)
  to   space 512K, 0% used [0x00000000ebc80000,0x00000000ebc80000,0x00000000ebd00000)
 ParOldGen       total 68608K, used 53540K [0x00000000c0000000, 0x00000000c4300000, 0x00000000eab00000)
  object space 68608K, 78% used [0x00000000c0000000,0x00000000c34493c8,0x00000000c4300000)
 Metaspace       used 60019K, committed 60864K, reserved 1105920K
  class space    used 6875K, committed 7296K, reserved 1048576K
}
Event: 50.864 GC heap after
{Heap after GC invocations=44 (full 3):
 PSYoungGen      total 17408K, used 487K [0x00000000eab00000, 0x00000000ec080000, 0x0000000100000000)
  eden space 16896K, 0% used [0x00000000eab00000,0x00000000eab00000,0x00000000ebb80000)
  from space 512K, 95% used [0x00000000ebc80000,0x00000000ebcf9f80,0x00000000ebd00000)
  to   space 2560K, 0% used [0x00000000ebe00000,0x00000000ebe00000,0x00000000ec080000)
 ParOldGen       total 68608K, used 55131K [0x00000000c0000000, 0x00000000c4300000, 0x00000000eab00000)
  object space 68608K, 80% used [0x00000000c0000000,0x00000000c35d6cc8,0x00000000c4300000)
 Metaspace       used 60019K, committed 60864K, reserved 1105920K
  class space    used 6875K, committed 7296K, reserved 1048576K
}
Event: 51.348 GC heap before
{Heap before GC invocations=45 (full 3):
 PSYoungGen      total 17408K, used 17383K [0x00000000eab00000, 0x00000000ec080000, 0x0000000100000000)
  eden space 16896K, 100% used [0x00000000eab00000,0x00000000ebb80000,0x00000000ebb80000)
  from space 512K, 95% used [0x00000000ebc80000,0x00000000ebcf9f80,0x00000000ebd00000)
  to   space 2560K, 0% used [0x00000000ebe00000,0x00000000ebe00000,0x00000000ec080000)
 ParOldGen       total 68608K, used 55131K [0x00000000c0000000, 0x00000000c4300000, 0x00000000eab00000)
  object space 68608K, 80% used [0x00000000c0000000,0x00000000c35d6cc8,0x00000000c4300000)
 Metaspace       used 62579K, committed 63488K, reserved 1105920K
  class space    used 7154K, committed 7552K, reserved 1048576K
}
Event: 51.350 GC heap after
{Heap after GC invocations=45 (full 3):
 PSYoungGen      total 17920K, used 654K [0x00000000eab00000, 0x00000000ebf00000, 0x0000000100000000)
  eden space 16896K, 0% used [0x00000000eab00000,0x00000000eab00000,0x00000000ebb80000)
  from space 1024K, 63% used [0x00000000ebe00000,0x00000000ebea3970,0x00000000ebf00000)
  to   space 1536K, 0% used [0x00000000ebc00000,0x00000000ebc00000,0x00000000ebd80000)
 ParOldGen       total 68608K, used 55540K [0x00000000c0000000, 0x00000000c4300000, 0x00000000eab00000)
  object space 68608K, 80% used [0x00000000c0000000,0x00000000c363d210,0x00000000c4300000)
 Metaspace       used 62579K, committed 63488K, reserved 1105920K
  class space    used 7154K, committed 7552K, reserved 1048576K
}

