# JRE version: OpenJDK Runtime Environment Temurin-17.0.4.1+1 (17.0.4.1+1) (build 17.0.4.1+1)
# Java VM: OpenJDK 64-Bit Server VM Temurin-17.0.4.1+1 (17.0.4.1+1, mixed mode, tiered, compressed oops, compressed class ptrs, parallel gc, windows-amd64)
GC Precious Log:
 CPUs: 8 total, 8 available
 Memory: 20160M
 Large Page Support: Disabled
 NUMA Support: Disabled
 Compressed Oops: Enabled (32-bit)
 Alignments: Space 512K, Generation 512K, Heap 2M
 Heap Min Capacity: 100M
 Heap Initial Capacity: 100M
 Heap Max Capacity: 1G
 Pre-touch: Disabled
 Parallel Workers: 8
Heap:
 PSYoungGen      total 18432K, used 7152K [0x00000000eab00000, 0x00000000ec100000, 0x0000000100000000)
  eden space 16896K, 34% used [0x00000000eab00000,0x00000000eb0a8170,0x00000000ebb80000)
  from space 1536K, 88% used [0x00000000ebf00000,0x00000000ec054150,0x00000000ec080000)
  to   space 512K, 0% used [0x00000000ec080000,0x00000000ec080000,0x00000000ec100000)
 ParOldGen       total 68608K, used 53477K [0x00000000c0000000, 0x00000000c4300000, 0x00000000eab00000)
  object space 68608K, 77% used [0x00000000c0000000,0x00000000c34396e8,0x00000000c4300000)
 Metaspace       used 58733K, committed 59584K, reserved 1105920K
  class space    used 6804K, committed 7168K, reserved 1048576K
GC Heap History (20 events):
Event: 22.303 GC heap before
{Heap before GC invocations=25 (full 2):
 PSYoungGen      total 17920K, used 17440K [0x00000000eab00000, 0x00000000ec300000, 0x0000000100000000)
  eden space 16896K, 100% used [0x00000000eab00000,0x00000000ebb80000,0x00000000ebb80000)
  from space 1024K, 53% used [0x00000000ec200000,0x00000000ec288000,0x00000000ec300000)
  to   space 1024K, 0% used [0x00000000ec100000,0x00000000ec100000,0x00000000ec200000)
 ParOldGen       total 68608K, used 45367K [0x00000000c0000000, 0x00000000c4300000, 0x00000000eab00000)
  object space 68608K, 66% used [0x00000000c0000000,0x00000000c2c4dd70,0x00000000c4300000)
 Metaspace       used 57740K, committed 58624K, reserved 1105920K
  class space    used 6744K, committed 7104K, reserved 1048576K
}
Event: 22.305 GC heap after
{Heap after GC invocations=25 (full 2):
 PSYoungGen      total 17920K, used 1024K [0x00000000eab00000, 0x00000000ec280000, 0x0000000100000000)
  eden space 16896K, 0% used [0x00000000eab00000,0x00000000eab00000,0x00000000ebb80000)
  from space 1024K, 100% used [0x00000000ec100000,0x00000000ec200000,0x00000000ec200000)
  to   space 512K, 0% used [0x00000000ec200000,0x00000000ec200000,0x00000000ec280000)
 ParOldGen       total 68608K, used 46878K [0x00000000c0000000, 0x00000000c4300000, 0x00000000eab00000)
  object space 68608K, 68% used [0x00000000c0000000,0x00000000c2dc79b8,0x00000000c4300000)
 Metaspace       used 57740K, committed 58624K, reserved 1105920K
  class space    used 6744K, committed 7104K, reserved 1048576K
}
Event: 24.565 GC heap before
{Heap before GC invocations=26 (full 2):
 PSYoungGen      total 17920K, used 17920K [0x00000000eab00000, 0x00000000ec280000, 0x0000000100000000)
  eden space 16896K, 100% used [0x00000000eab00000,0x00000000ebb80000,0x00000000ebb80000)
  from space 1024K, 100% used [0x00000000ec100000,0x00000000ec200000,0x00000000ec200000)
  to   space 512K, 0% used [0x00000000ec200000,0x00000000ec200000,0x00000000ec280000)
 ParOldGen       total 68608K, used 46878K [0x00000000c0000000, 0x00000000c4300000, 0x00000000eab00000)
  object space 68608K, 68% used [0x00000000c0000000,0x00000000c2dc79b8,0x00000000c4300000)
 Metaspace       used 57934K, committed 58816K, reserved 1105920K
  class space    used 6764K, committed 7104K, reserved 1048576K
}
Event: 24.567 GC heap after
{Heap after GC invocations=26 (full 2):
 PSYoungGen      total 17408K, used 352K [0x00000000eab00000, 0x00000000ec280000, 0x0000000100000000)
  eden space 16896K, 0% used [0x00000000eab00000,0x00000000eab00000,0x00000000ebb80000)
  from space 512K, 68% used [0x00000000ec200000,0x00000000ec258000,0x00000000ec280000)
  to   space 1536K, 0% used [0x00000000ebf80000,0x00000000ebf80000,0x00000000ec100000)
 ParOldGen       total 68608K, used 47934K [0x00000000c0000000, 0x00000000c4300000, 0x00000000eab00000)
  object space 68608K, 69% used [0x00000000c0000000,0x00000000c2ecfb38,0x00000000c4300000)
 Metaspace       used 57934K, committed 58816K, reserved 1105920K
  class space    used 6764K, committed 7104K, reserved 1048576K
}
Event: 26.452 GC heap before
{Heap before GC invocations=27 (full 2):
 PSYoungGen      total 17408K, used 17248K [0x00000000eab00000, 0x00000000ec280000, 0x0000000100000000)
  eden space 16896K, 100% used [0x00000000eab00000,0x00000000ebb80000,0x00000000ebb80000)
  from space 512K, 68% used [0x00000000ec200000,0x00000000ec258000,0x00000000ec280000)
  to   space 1536K, 0% used [0x00000000ebf80000,0x00000000ebf80000,0x00000000ec100000)
 ParOldGen       total 68608K, used 47934K [0x00000000c0000000, 0x00000000c4300000, 0x00000000eab00000)
  object space 68608K, 69% used [0x00000000c0000000,0x00000000c2ecfb38,0x00000000c4300000)
 Metaspace       used 57966K, committed 58816K, reserved 1105920K
  class space    used 6764K, committed 7104K, reserved 1048576K
}
Event: 26.454 GC heap after
{Heap after GC invocations=27 (full 2):
 PSYoungGen      total 18432K, used 384K [0x00000000eab00000, 0x00000000ec280000, 0x0000000100000000)
  eden space 16896K, 0% used [0x00000000eab00000,0x00000000eab00000,0x00000000ebb80000)
  from space 1536K, 25% used [0x00000000ebf80000,0x00000000ebfe0000,0x00000000ec100000)
  to   space 512K, 0% used [0x00000000ec200000,0x00000000ec200000,0x00000000ec280000)
 ParOldGen       total 68608K, used 48214K [0x00000000c0000000, 0x00000000c4300000, 0x00000000eab00000)
  object space 68608K, 70% used [0x00000000c0000000,0x00000000c2f15b38,0x00000000c4300000)
 Metaspace       used 57966K, committed 58816K, reserved 1105920K
  class space    used 6764K, committed 7104K, reserved 1048576K
}
Event: 28.677 GC heap before
{Heap before GC invocations=28 (full 2):
 PSYoungGen      total 18432K, used 17280K [0x00000000eab00000, 0x00000000ec280000, 0x0000000100000000)
  eden space 16896K, 100% used [0x00000000eab00000,0x00000000ebb80000,0x00000000ebb80000)
  from space 1536K, 25% used [0x00000000ebf80000,0x00000000ebfe0000,0x00000000ec100000)
  to   space 512K, 0% used [0x00000000ec200000,0x00000000ec200000,0x00000000ec280000)
 ParOldGen       total 68608K, used 48214K [0x00000000c0000000, 0x00000000c4300000, 0x00000000eab00000)
  object space 68608K, 70% used [0x00000000c0000000,0x00000000c2f15b38,0x00000000c4300000)
 Metaspace       used 57975K, committed 58816K, reserved 1105920K
  class space    used 6764K, committed 7104K, reserved 1048576K
}
Event: 28.677 GC heap after
{Heap after GC invocations=28 (full 2):
 PSYoungGen      total 17408K, used 320K [0x00000000eab00000, 0x00000000ec280000, 0x0000000100000000)
  eden space 16896K, 0% used [0x00000000eab00000,0x00000000eab00000,0x00000000ebb80000)
  from space 512K, 62% used [0x00000000ec200000,0x00000000ec250000,0x00000000ec280000)
  to   space 512K, 0% used [0x00000000ec180000,0x00000000ec180000,0x00000000ec200000)
 ParOldGen       total 68608K, used 48470K [0x00000000c0000000, 0x00000000c4300000, 0x00000000eab00000)
  object space 68608K, 70% used [0x00000000c0000000,0x00000000c2f55b38,0x00000000c4300000)
 Metaspace       used 57975K, committed 58816K, reserved 1105920K
  class space    used 6764K, committed 7104K, reserved 1048576K
}
Event: 30.987 GC heap before
{Heap before GC invocations=29 (full 2):
 PSYoungGen      total 17408K, used 17216K [0x00000000eab00000, 0x00000000ec280000, 0x0000000100000000)
  eden space 16896K, 100% used [0x00000000eab00000,0x00000000ebb80000,0x00000000ebb80000)
  from space 512K, 62% used [0x00000000ec200000,0x00000000ec250000,0x00000000ec280000)
  to   space 512K, 0% used [0x00000000ec180000,0x00000000ec180000,0x00000000ec200000)
 ParOldGen       total 68608K, used 48470K [0x00000000c0000000, 0x00000000c4300000, 0x00000000eab00000)
  object space 68608K, 70% used [0x00000000c0000000,0x00000000c2f55b38,0x00000000c4300000)
 Metaspace       used 57979K, committed 58816K, reserved 1105920K
  class space    used 6764K, committed 7104K, reserved 1048576K
}
Event: 30.988 GC heap after
{Heap after GC invocations=29 (full 2):
 PSYoungGen      total 17408K, used 384K [0x00000000eab00000, 0x00000000ec280000, 0x0000000100000000)
  eden space 16896K, 0% used [0x00000000eab00000,0x00000000eab00000,0x00000000ebb80000)
  from space 512K, 75% used [0x00000000ec180000,0x00000000ec1e0000,0x00000000ec200000)
  to   space 512K, 0% used [0x00000000ec200000,0x00000000ec200000,0x00000000ec280000)
 ParOldGen       total 68608K, used 48734K [0x00000000c0000000, 0x00000000c4300000, 0x00000000eab00000)
  object space 68608K, 71% used [0x00000000c0000000,0x00000000c2f97b38,0x00000000c4300000)
 Metaspace       used 57979K, committed 58816K, reserved 1105920K
  class space    used 6764K, committed 7104K, reserved 1048576K
}
Event: 33.062 GC heap before
{Heap before GC invocations=30 (full 2):
 PSYoungGen      total 17408K, used 17280K [0x00000000eab00000, 0x00000000ec280000, 0x0000000100000000)
  eden space 16896K, 100% used [0x00000000eab00000,0x00000000ebb80000,0x00000000ebb80000)
  from space 512K, 75% used [0x00000000ec180000,0x00000000ec1e0000,0x00000000ec200000)
  to   space 512K, 0% used [0x00000000ec200000,0x00000000ec200000,0x00000000ec280000)
 ParOldGen       total 68608K, used 48734K [0x00000000c0000000, 0x00000000c4300000, 0x00000000eab00000)
  object space 68608K, 71% used [0x00000000c0000000,0x00000000c2f97b38,0x00000000c4300000)
 Metaspace       used 57994K, committed 58816K, reserved 1105920K
  class space    used 6766K, committed 7104K, reserved 1048576K
}
Event: 33.063 GC heap after
{Heap after GC invocations=30 (full 2):
 PSYoungGen      total 17408K, used 352K [0x00000000eab00000, 0x00000000ec280000, 0x0000000100000000)
  eden space 16896K, 0% used [0x00000000eab00000,0x00000000eab00000,0x00000000ebb80000)
  from space 512K, 68% used [0x00000000ec200000,0x00000000ec258000,0x00000000ec280000)
  to   space 512K, 0% used [0x00000000ec180000,0x00000000ec180000,0x00000000ec200000)
 ParOldGen       total 68608K, used 48990K [0x00000000c0000000, 0x00000000c4300000, 0x00000000eab00000)
  object space 68608K, 71% used [0x00000000c0000000,0x00000000c2fd7b38,0x00000000c4300000)
 Metaspace       used 57994K, committed 58816K, reserved 1105920K
  class space    used 6766K, committed 7104K, reserved 1048576K
}
Event: 34.560 GC heap before
{Heap before GC invocations=31 (full 2):
 PSYoungGen      total 17408K, used 17248K [0x00000000eab00000, 0x00000000ec280000, 0x0000000100000000)
  eden space 16896K, 100% used [0x00000000eab00000,0x00000000ebb80000,0x00000000ebb80000)
  from space 512K, 68% used [0x00000000ec200000,0x00000000ec258000,0x00000000ec280000)
  to   space 512K, 0% used [0x00000000ec180000,0x00000000ec180000,0x00000000ec200000)
 ParOldGen       total 68608K, used 48990K [0x00000000c0000000, 0x00000000c4300000, 0x00000000eab00000)
  object space 68608K, 71% used [0x00000000c0000000,0x00000000c2fd7b38,0x00000000c4300000)
 Metaspace       used 58307K, committed 59136K, reserved 1105920K
  class space    used 6789K, committed 7104K, reserved 1048576K
}
Event: 34.561 GC heap after
{Heap after GC invocations=31 (full 2):
 PSYoungGen      total 17408K, used 512K [0x00000000eab00000, 0x00000000ec280000, 0x0000000100000000)
  eden space 16896K, 0% used [0x00000000eab00000,0x00000000eab00000,0x00000000ebb80000)
  from space 512K, 100% used [0x00000000ec180000,0x00000000ec200000,0x00000000ec200000)
  to   space 512K, 0% used [0x00000000ec200000,0x00000000ec200000,0x00000000ec280000)
 ParOldGen       total 68608K, used 49894K [0x00000000c0000000, 0x00000000c4300000, 0x00000000eab00000)
  object space 68608K, 72% used [0x00000000c0000000,0x00000000c30b9b38,0x00000000c4300000)
 Metaspace       used 58307K, committed 59136K, reserved 1105920K
  class space    used 6789K, committed 7104K, reserved 1048576K
}
Event: 37.153 GC heap before
{Heap before GC invocations=32 (full 2):
 PSYoungGen      total 17408K, used 17407K [0x00000000eab00000, 0x00000000ec280000, 0x0000000100000000)
  eden space 16896K, 99% used [0x00000000eab00000,0x00000000ebb7fff8,0x00000000ebb80000)
  from space 512K, 100% used [0x00000000ec180000,0x00000000ec200000,0x00000000ec200000)
  to   space 512K, 0% used [0x00000000ec200000,0x00000000ec200000,0x00000000ec280000)
 ParOldGen       total 68608K, used 49894K [0x00000000c0000000, 0x00000000c4300000, 0x00000000eab00000)
  object space 68608K, 72% used [0x00000000c0000000,0x00000000c30b9b38,0x00000000c4300000)
 Metaspace       used 58427K, committed 59264K, reserved 1105920K
  class space    used 6803K, committed 7168K, reserved 1048576K
}
Event: 37.156 GC heap after
{Heap after GC invocations=32 (full 2):
 PSYoungGen      total 17408K, used 496K [0x00000000eab00000, 0x00000000ec280000, 0x0000000100000000)
  eden space 16896K, 0% used [0x00000000eab00000,0x00000000eab00000,0x00000000ebb80000)
  from space 512K, 96% used [0x00000000ec200000,0x00000000ec27c050,0x00000000ec280000)
  to   space 3584K, 0% used [0x00000000ebb80000,0x00000000ebb80000,0x00000000ebf00000)
 ParOldGen       total 68608K, used 52220K [0x00000000c0000000, 0x00000000c4300000, 0x00000000eab00000)
  object space 68608K, 76% used [0x00000000c0000000,0x00000000c32ff208,0x00000000c4300000)
 Metaspace       used 58427K, committed 59264K, reserved 1105920K
  class space    used 6803K, committed 7168K, reserved 1048576K
}
Event: 38.990 GC heap before
{Heap before GC invocations=33 (full 2):
 PSYoungGen      total 17408K, used 17392K [0x00000000eab00000, 0x00000000ec280000, 0x0000000100000000)
  eden space 16896K, 100% used [0x00000000eab00000,0x00000000ebb80000,0x00000000ebb80000)
  from space 512K, 96% used [0x00000000ec200000,0x00000000ec27c050,0x00000000ec280000)
  to   space 3584K, 0% used [0x00000000ebb80000,0x00000000ebb80000,0x00000000ebf00000)
 ParOldGen       total 68608K, used 52220K [0x00000000c0000000, 0x00000000c4300000, 0x00000000eab00000)
  object space 68608K, 76% used [0x00000000c0000000,0x00000000c32ff208,0x00000000c4300000)
 Metaspace       used 58572K, committed 59392K, reserved 1105920K
  class space    used 6803K, committed 7168K, reserved 1048576K
}
Event: 38.993 GC heap after
{Heap after GC invocations=33 (full 2):
 PSYoungGen      total 20480K, used 1392K [0x00000000eab00000, 0x00000000ec280000, 0x0000000100000000)
  eden space 16896K, 0% used [0x00000000eab00000,0x00000000eab00000,0x00000000ebb80000)
  from space 3584K, 38% used [0x00000000ebb80000,0x00000000ebcdc130,0x00000000ebf00000)
  to   space 2048K, 0% used [0x00000000ec080000,0x00000000ec080000,0x00000000ec280000)
 ParOldGen       total 68608K, used 52520K [0x00000000c0000000, 0x00000000c4300000, 0x00000000eab00000)
  object space 68608K, 76% used [0x00000000c0000000,0x00000000c334a258,0x00000000c4300000)
 Metaspace       used 58572K, committed 59392K, reserved 1105920K
  class space    used 6803K, committed 7168K, reserved 1048576K
}
Event: 41.787 GC heap before
{Heap before GC invocations=34 (full 2):
 PSYoungGen      total 20480K, used 18287K [0x00000000eab00000, 0x00000000ec280000, 0x0000000100000000)
  eden space 16896K, 99% used [0x00000000eab00000,0x00000000ebb7fb68,0x00000000ebb80000)
  from space 3584K, 38% used [0x00000000ebb80000,0x00000000ebcdc130,0x00000000ebf00000)
  to   space 2048K, 0% used [0x00000000ec080000,0x00000000ec080000,0x00000000ec280000)
 ParOldGen       total 68608K, used 52520K [0x00000000c0000000, 0x00000000c4300000, 0x00000000eab00000)
  object space 68608K, 76% used [0x00000000c0000000,0x00000000c334a258,0x00000000c4300000)
 Metaspace       used 58688K, committed 59520K, reserved 1105920K
  class space    used 6804K, committed 7168K, reserved 1048576K
}
Event: 41.789 GC heap after
{Heap after GC invocations=34 (full 2):
 PSYoungGen      total 18432K, used 1296K [0x00000000eab00000, 0x00000000ec200000, 0x0000000100000000)
  eden space 16896K, 0% used [0x00000000eab00000,0x00000000eab00000,0x00000000ebb80000)
  from space 1536K, 84% used [0x00000000ec080000,0x00000000ec1c40f0,0x00000000ec200000)
  to   space 1536K, 0% used [0x00000000ebf00000,0x00000000ebf00000,0x00000000ec080000)
 ParOldGen       total 68608K, used 53033K [0x00000000c0000000, 0x00000000c4300000, 0x00000000eab00000)
  object space 68608K, 77% used [0x00000000c0000000,0x00000000c33ca498,0x00000000c4300000)
 Metaspace       used 58688K, committed 59520K, reserved 1105920K
  class space    used 6804K, committed 7168K, reserved 1048576K
}

